[2023-11-22T10:29:57.337] [INFO] default - API/Function 開始
[2023-11-22T10:29:57.340] [INFO] default - API/Function 結束
[2023-11-22T10:29:57.343] [INFO] default - User value [object Object],[object Object],[object Object],[object Object],[object Object]
[2023-11-22T10:31:02.044] [INFO] default - API/Function 開始
[2023-11-22T10:31:02.047] [INFO] default - API/Function 結束
[2023-11-22T10:31:02.049] [INFO] default - User value undefined
[2023-11-22T10:34:32.923] [INFO] default - API/Function 開始
[2023-11-22T10:34:32.987] [INFO] default - API/Function 結束
[2023-11-22T10:34:32.990] [ERROR] default - Email has already been used 422
[2023-11-22T10:35:17.552] [INFO] default - API/Function 開始
[2023-11-22T10:35:58.605] [INFO] default - API/Function 開始
[2023-11-22T10:35:58.607] [ERROR] default - Please check if all fields are filled in.
[2023-11-22T10:38:00.619] [INFO] default - API/Function 開始
[2023-11-22T10:38:00.621] [INFO] default - API/Function 結束
[2023-11-22T10:38:00.624] [INFO] default - User value undefined
[2023-11-22T10:38:26.019] [INFO] default - API/Function 開始
[2023-11-22T10:38:26.022] [INFO] default - API/Function 結束
[2023-11-22T10:38:50.462] [INFO] default - API/Function 開始
[2023-11-22T10:38:50.464] [INFO] default - API/Function 結束
[2023-11-22T10:39:26.464] [INFO] default - API/Function 開始
[2023-11-22T10:39:26.466] [INFO] default - API/Function 結束
[2023-11-22T10:40:45.150] [INFO] default - API/Function 開始
[2023-11-22T10:40:45.151] [INFO] default - API/Function 結束
[2023-11-22T10:40:45.218] [ERROR] default - Invalid credentials, please check your email and password.
[2023-11-22T10:41:09.333] [INFO] default - API/Function 開始
[2023-11-22T10:41:09.334] [INFO] default - API/Function 結束
[2023-11-22T10:41:09.390] [ERROR] default - Invalid credentials, please check your email and password.
[2023-11-22T16:35:25.572] [INFO] default - API/Function 開始
[2023-11-22T16:35:25.573] [INFO] default - API/Function 結束
[2023-11-22T16:35:25.636] [INFO] default - newUser TOKEN eyJhbGciOiJIUzI1NiIsInR5cCI6IkpXVCJ9.eyJpZCI6IjUzNjI4NDAyLTBmNWEtNDZlYi05ZmEyLTA3ODdhOGIxNTQyMiIsIm5hbWUiOiJmZWxpeC1oYW4iLCJlbWFpbCI6InRleHQ1QGdtYWlsLmNvbSIsImlhdCI6MTcwMDY0MjEyNSwiZXhwIjoxNzAwNjQ1NzI1fQ.hMVmcENKYrtOspt19oiCm2Xq6gCsR0ur0ED6f28U5z8
[2023-11-22T16:35:42.223] [INFO] default - API/Function 開始
[2023-11-22T16:35:42.224] [INFO] default - newUser TOKEN felix-han
[2023-11-22T16:35:42.224] [INFO] default - API/Function 結束
[2023-11-22T16:36:07.224] [INFO] default - API/Function 開始
[2023-11-22T16:36:07.225] [INFO] default - API/Function 結束
[2023-11-22T16:36:07.284] [INFO] default - newUser TOKEN eyJhbGciOiJIUzI1NiIsInR5cCI6IkpXVCJ9.eyJpZCI6IjUzNjI4NDAyLTBmNWEtNDZlYi05ZmEyLTA3ODdhOGIxNTQyMiIsIm5hbWUiOiJmZWxpeC1oYW4iLCJlbWFpbCI6InRleHQ1QGdtYWlsLmNvbSIsImlhdCI6MTcwMDY0MjE2NywiZXhwIjoxNzAwNjQ1NzY3fQ.-l1laR9D6wxIT4gL4-d9z6fCJiSs2vuXyOrxu4TQmrQ
[2023-11-22T16:36:19.030] [INFO] default - API/Function 開始
[2023-11-22T16:36:19.031] [INFO] default - newUser TOKEN felix-han
[2023-11-22T16:36:19.031] [INFO] default - API/Function 結束
[2023-11-22T16:45:24.834] [INFO] default - API/Function 開始
[2023-11-22T16:45:24.837] [INFO] default - API/Function 結束
[2023-11-22T16:45:24.903] [INFO] default - newUser TOKEN eyJhbGciOiJIUzI1NiIsInR5cCI6IkpXVCJ9.eyJpZCI6IjUzNjI4NDAyLTBmNWEtNDZlYi05ZmEyLTA3ODdhOGIxNTQyMiIsIm5hbWUiOiJmZWxpeC1oYW4iLCJlbWFpbCI6InRleHQ1QGdtYWlsLmNvbSIsImlhdCI6MTcwMDY0MjcyNCwiZXhwIjoxNzAwNjQ2MzI0fQ.3XpPOUEwOtEdsaTdqcPThhhOaYOoGd5pf_spvbdfw6g
[2023-11-22T16:45:33.427] [INFO] default - API/Function 開始
[2023-11-22T16:45:33.428] [INFO] default - newUser TOKEN felix-han
[2023-11-22T16:45:33.428] [INFO] default - API/Function 結束
[2023-11-22T16:47:10.455] [INFO] default - API/Function 開始
[2023-11-22T16:47:10.457] [INFO] default - API/Function 結束
[2023-11-22T16:47:10.523] [INFO] default - newUser TOKEN eyJhbGciOiJIUzI1NiIsInR5cCI6IkpXVCJ9.eyJpZCI6IjUzNjI4NDAyLTBmNWEtNDZlYi05ZmEyLTA3ODdhOGIxNTQyMiIsIm5hbWUiOiJmZWxpeC1oYW4iLCJlbWFpbCI6InRleHQ1QGdtYWlsLmNvbSIsImlhdCI6MTcwMDY0MjgzMCwiZXhwIjoxNzAwNjQ2NDMwfQ.WHE6M_3q5JQk_asW1sgqJtJH2VDsxDV4uhxVwWO2xwU
[2023-11-22T16:47:44.760] [INFO] default - API/Function 開始
[2023-11-22T16:47:44.761] [INFO] default - newUser TOKEN felix-han
[2023-11-22T16:47:44.762] [INFO] default - API/Function 結束
[2023-11-22T16:49:24.782] [INFO] default - API/Function 開始
[2023-11-22T16:49:24.783] [INFO] default - API/Function 結束
[2023-11-22T16:49:24.856] [INFO] default - newUser TOKEN eyJhbGciOiJIUzI1NiIsInR5cCI6IkpXVCJ9.eyJpZCI6IjUzNjI4NDAyLTBmNWEtNDZlYi05ZmEyLTA3ODdhOGIxNTQyMiIsIm5hbWUiOiJmZWxpeC1oYW4iLCJlbWFpbCI6InRleHQ1QGdtYWlsLmNvbSIsImlhdCI6MTcwMDY0Mjk2NCwiZXhwIjoxNzAwNjQ2NTY0fQ.jrU33YHAlX6Y4hKkcSblMjaGgWwk1vOR56CBZgFeLXA
[2023-11-22T16:49:26.588] [INFO] default - API/Function 開始
[2023-11-22T16:49:26.588] [INFO] default - newUser TOKEN felix-han
[2023-11-22T16:49:26.589] [INFO] default - API/Function 結束
[2023-11-22T16:52:57.384] [INFO] default - API/Function 開始
[2023-11-22T16:52:57.385] [INFO] default - API/Function 結束
[2023-11-22T16:52:57.450] [INFO] default - newUser TOKEN eyJhbGciOiJIUzI1NiIsInR5cCI6IkpXVCJ9.eyJpZCI6IjUzNjI4NDAyLTBmNWEtNDZlYi05ZmEyLTA3ODdhOGIxNTQyMiIsIm5hbWUiOiJmZWxpeC1oYW4iLCJlbWFpbCI6InRleHQ1QGdtYWlsLmNvbSIsImlhdCI6MTcwMDY0MzE3NywiZXhwIjoxNzAwNjQ2Nzc3fQ._9WvqjUqvVNkzIRryGo77_olt4g7VYufq43fU2X7-Do
[2023-11-22T16:53:00.628] [INFO] default - API/Function 開始
[2023-11-22T16:53:00.628] [INFO] default - newUser TOKEN felix-han
[2023-11-22T16:53:00.629] [INFO] default - API/Function 結束
[2023-11-23T09:31:06.463] [INFO] default - API/Function 開始
[2023-11-23T09:31:06.465] [INFO] default - API/Function 結束
[2023-11-23T09:31:06.557] [INFO] default - newUser TOKEN eyJhbGciOiJIUzI1NiIsInR5cCI6IkpXVCJ9.eyJpZCI6IjUzNjI4NDAyLTBmNWEtNDZlYi05ZmEyLTA3ODdhOGIxNTQyMiIsIm5hbWUiOiJmZWxpeC1oYW4iLCJlbWFpbCI6InRleHQ1QGdtYWlsLmNvbSIsImlhdCI6MTcwMDcwMzA2NiwiZXhwIjoxNzAwNzA2NjY2fQ.oTGD9O8r99TBHjsvucJhdY0B26K1bSlka-YtSKzK_E8
[2023-11-23T09:31:28.885] [INFO] default - API/Function 開始
[2023-11-23T09:31:28.886] [INFO] default - API/Function 結束
[2023-11-23T09:31:28.889] [INFO] default - User profile: {"id":"53628402-0f5a-46eb-9fa2-0787a8b15422","name":"felix-han","email":"text5@gmail.com"}
[2023-11-23T11:13:36.718] [INFO] default - API/Function 開始
[2023-11-23T11:13:36.721] [INFO] default - API/Function 結束
[2023-11-23T11:13:36.788] [INFO] default - newUser TOKEN eyJhbGciOiJIUzI1NiIsInR5cCI6IkpXVCJ9.eyJpZCI6IjUzNjI4NDAyLTBmNWEtNDZlYi05ZmEyLTA3ODdhOGIxNTQyMiIsIm5hbWUiOiJmZWxpeC1oYW4iLCJlbWFpbCI6InRleHQ1QGdtYWlsLmNvbSIsImlhdCI6MTcwMDcwOTIxNiwiZXhwIjoxNzAwNzEyODE2fQ.VyLEHqqgY-sqgiTUz8QabKrXbcPPuKMmhvJM8UuQ6XI
[2023-11-23T11:14:52.802] [INFO] default - API/Function 開始
[2023-11-23T11:14:52.802] [INFO] default - API/Function 結束
[2023-11-23T11:14:52.803] [INFO] default - User profile: {"id":"53628402-0f5a-46eb-9fa2-0787a8b15422","name":"felix-han","email":"text5@gmail.com"}
[2023-11-23T11:15:19.019] [INFO] default - API/Function 開始
[2023-11-23T11:15:19.020] [INFO] default - API/Function 結束
[2023-11-23T11:15:19.022] [ERROR] default - Error: Unknown column 'place' in 'field list'
    at Packet.asError (C:\Users\Gh890\2.0\login-test\node_modules\mysql2\lib\packets\packet.js:728:17)
    at Query.execute (C:\Users\Gh890\2.0\login-test\node_modules\mysql2\lib\commands\command.js:29:26)
    at Connection.handlePacket (C:\Users\Gh890\2.0\login-test\node_modules\mysql2\lib\connection.js:478:34)
    at PacketParser.onPacket (C:\Users\Gh890\2.0\login-test\node_modules\mysql2\lib\connection.js:97:12)
    at PacketParser.executeStart (C:\Users\Gh890\2.0\login-test\node_modules\mysql2\lib\packet_parser.js:75:16)
    at Socket.<anonymous> (C:\Users\Gh890\2.0\login-test\node_modules\mysql2\lib\connection.js:104:25)
    at Socket.emit (node:events:514:28)
    at addChunk (node:internal/streams/readable:376:12)
    at readableAddChunk (node:internal/streams/readable:349:9)
    at Readable.push (node:internal/streams/readable:286:10) {
  code: 'ER_BAD_FIELD_ERROR',
  errno: 1054,
  sqlState: '42S22',
  sqlMessage: "Unknown column 'place' in 'field list'",
  sql: "UPDATE user SET `place` = 'taipei', `age` = '23' WHERE id = '53628402-0f5a-46eb-9fa2-0787a8b15422'"
}
[2023-11-23T11:16:06.276] [INFO] default - API/Function 開始
[2023-11-23T11:16:06.277] [INFO] default - API/Function 結束
[2023-11-23T11:16:06.285] [INFO] default - User updated successfully.
[2023-11-23T11:16:17.277] [INFO] default - API/Function 開始
[2023-11-23T11:16:17.278] [INFO] default - API/Function 結束
[2023-11-23T11:16:17.280] [INFO] default - User profile: {"id":"53628402-0f5a-46eb-9fa2-0787a8b15422","name":"felix-han","email":"text5@gmail.com"}
[2023-11-23T11:17:25.516] [INFO] default - API/Function 開始
[2023-11-23T11:17:25.518] [INFO] default - API/Function 結束
[2023-11-23T11:17:25.521] [INFO] default - User profile: {"id":"53628402-0f5a-46eb-9fa2-0787a8b15422","name":"felix-han","email":"text5@gmail.com","place":"taipei","age":"23"}
[2023-11-23T11:18:19.885] [INFO] default - API/Function 開始
[2023-11-23T11:18:19.887] [INFO] default - API/Function 結束
[2023-11-23T11:18:19.892] [INFO] default - User updated successfully.
[2023-11-23T11:18:22.292] [INFO] default - API/Function 開始
[2023-11-23T11:18:22.292] [INFO] default - API/Function 結束
[2023-11-23T11:18:22.295] [INFO] default - User profile: {"id":"53628402-0f5a-46eb-9fa2-0787a8b15422","name":"han-sheng","email":"text5@gmail.com","place":"taipei","age":"23"}
[2023-11-23T11:43:05.066] [INFO] default - API/Function 開始
[2023-11-23T11:43:05.068] [INFO] default - newUser TOKEN felix-han
[2023-11-23T11:43:05.071] [INFO] default - API/Function 結束
[2023-11-23T11:43:25.200] [INFO] default - API/Function 開始
[2023-11-23T11:43:25.201] [INFO] default - API/Function 結束
[2023-11-23T11:43:25.270] [INFO] default - newUser TOKEN eyJhbGciOiJIUzI1NiIsInR5cCI6IkpXVCJ9.eyJpZCI6IjUzNjI4NDAyLTBmNWEtNDZlYi05ZmEyLTA3ODdhOGIxNTQyMiIsIm5hbWUiOiJoYW4tc2hlbmciLCJlbWFpbCI6InRleHQ1QGdtYWlsLmNvbSIsImlhdCI6MTcwMDcxMTAwNSwiZXhwIjoxNzAwNzE0NjA1fQ.PEAaW1aUbzWH7KwohLB_xwsgVX0vfDoFeyo-SayKIDU
[2023-11-23T11:43:37.081] [INFO] default - API/Function 開始
[2023-11-23T11:43:37.081] [INFO] default - newUser TOKEN han-sheng
[2023-11-23T11:43:37.082] [INFO] default - API/Function 結束
[2023-11-23T11:43:53.162] [INFO] default - API/Function 開始
[2023-11-23T11:43:53.163] [INFO] default - API/Function 結束
[2023-11-23T11:43:53.221] [INFO] default - newUser TOKEN eyJhbGciOiJIUzI1NiIsInR5cCI6IkpXVCJ9.eyJpZCI6IjUzNjI4NDAyLTBmNWEtNDZlYi05ZmEyLTA3ODdhOGIxNTQyMiIsIm5hbWUiOiJoYW4tc2hlbmciLCJlbWFpbCI6InRleHQ1QGdtYWlsLmNvbSIsImlhdCI6MTcwMDcxMTAzMywiZXhwIjoxNzAwNzE0NjMzfQ.mFYG8c0YR2IFnt5FXcffoD4fAa4o0_vMX2n6fXSkCTg
[2023-11-23T11:43:58.744] [INFO] default - API/Function 開始
[2023-11-23T11:43:58.744] [INFO] default - API/Function 結束
[2023-11-23T11:43:58.745] [INFO] default - User profile: {"id":"53628402-0f5a-46eb-9fa2-0787a8b15422","name":"han-sheng","email":"text5@gmail.com","place":"taipei","age":"23"}
[2023-11-23T13:47:10.410] [INFO] default - API/Function 開始
[2023-11-23T13:47:10.411] [INFO] default - API/Function 結束
[2023-11-23T13:47:10.470] [INFO] default - newUser TOKEN eyJhbGciOiJIUzI1NiIsInR5cCI6IkpXVCJ9.eyJpZCI6IjUzNjI4NDAyLTBmNWEtNDZlYi05ZmEyLTA3ODdhOGIxNTQyMiIsIm5hbWUiOiJoYW4tc2hlbmciLCJlbWFpbCI6InRleHQ1QGdtYWlsLmNvbSIsImlhdCI6MTcwMDcxODQzMCwiZXhwIjoxNzAwNzIyMDMwfQ.9xKB8H0I-R8TYvkOJFNrrXL2AUN1ilQZraj4M0lkANI
[2023-11-23T13:47:27.524] [INFO] default - API/Function 開始
[2023-11-23T13:47:27.525] [INFO] default - API/Function 結束
[2023-11-23T13:47:27.526] [INFO] default - User profile: {"id":"53628402-0f5a-46eb-9fa2-0787a8b15422","name":"han-sheng","email":"text5@gmail.com","place":"taipei","age":"23"}
[2023-11-23T15:42:47.852] [INFO] default - API/Function 開始
[2023-11-23T15:42:47.854] [ERROR] default - TypeError: Cannot read properties of undefined (reading 'findOne')
    at login (C:\Users\Gh890\2.0\login-test\controller\user-controller.js:276:37)
    at Layer.handle [as handle_request] (C:\Users\Gh890\2.0\login-test\node_modules\express\lib\router\layer.js:95:5)
    at next (C:\Users\Gh890\2.0\login-test\node_modules\express\lib\router\route.js:144:13)
    at middleware (C:\Users\Gh890\2.0\login-test\node_modules\express-validator\src\middlewares\check.js:16:13)
    at process.processTicksAndRejections (node:internal/process/task_queues:95:5)
[2023-11-23T15:43:16.256] [INFO] default - API/Function 開始
[2023-11-23T15:43:16.257] [ERROR] default - TypeError: Cannot read properties of undefined (reading 'findOne')
    at signup (C:\Users\Gh890\2.0\login-test\controller\user-controller.js:239:37)
    at Layer.handle [as handle_request] (C:\Users\Gh890\2.0\login-test\node_modules\express\lib\router\layer.js:95:5)
    at next (C:\Users\Gh890\2.0\login-test\node_modules\express\lib\router\route.js:144:13)
    at middleware (C:\Users\Gh890\2.0\login-test\node_modules\express-validator\src\middlewares\check.js:16:13)
    at process.processTicksAndRejections (node:internal/process/task_queues:95:5)
[2023-11-23T15:53:41.437] [INFO] default - API/Function 開始
[2023-11-23T15:53:41.439] [ERROR] default - TypeError: Cannot read properties of undefined (reading 'findOne')
    at signup (C:\Users\Gh890\2.0\login-test\controller\user-controller.js:239:37)
    at Layer.handle [as handle_request] (C:\Users\Gh890\2.0\login-test\node_modules\express\lib\router\layer.js:95:5)
    at next (C:\Users\Gh890\2.0\login-test\node_modules\express\lib\router\route.js:144:13)
    at middleware (C:\Users\Gh890\2.0\login-test\node_modules\express-validator\src\middlewares\check.js:16:13)
    at process.processTicksAndRejections (node:internal/process/task_queues:95:5)
[2023-11-23T15:55:05.262] [INFO] default - API/Function 開始
[2023-11-23T15:55:05.263] [ERROR] default - TypeError: Cannot read properties of undefined (reading 'findOne')
    at signup (C:\Users\Gh890\2.0\login-test\controller\user-controller.js:239:37)
    at Layer.handle [as handle_request] (C:\Users\Gh890\2.0\login-test\node_modules\express\lib\router\layer.js:95:5)
    at next (C:\Users\Gh890\2.0\login-test\node_modules\express\lib\router\route.js:144:13)
    at middleware (C:\Users\Gh890\2.0\login-test\node_modules\express-validator\src\middlewares\check.js:16:13)
    at process.processTicksAndRejections (node:internal/process/task_queues:95:5)
[2023-11-23T16:00:53.563] [INFO] default - API/Function 開始
[2023-11-23T16:00:53.563] [ERROR] default - TypeError: Cannot read properties of undefined (reading 'findAll')
    at getUsers (C:\Users\Gh890\2.0\login-test\controller\user-controller.js:219:30)
    at Layer.handle [as handle_request] (C:\Users\Gh890\2.0\login-test\node_modules\express\lib\router\layer.js:95:5)
    at next (C:\Users\Gh890\2.0\login-test\node_modules\express\lib\router\route.js:144:13)
    at Route.dispatch (C:\Users\Gh890\2.0\login-test\node_modules\express\lib\router\route.js:114:3)
    at Layer.handle [as handle_request] (C:\Users\Gh890\2.0\login-test\node_modules\express\lib\router\layer.js:95:5)
    at C:\Users\Gh890\2.0\login-test\node_modules\express\lib\router\index.js:284:15
    at Function.process_params (C:\Users\Gh890\2.0\login-test\node_modules\express\lib\router\index.js:346:12)
    at next (C:\Users\Gh890\2.0\login-test\node_modules\express\lib\router\index.js:280:10)
    at Function.handle (C:\Users\Gh890\2.0\login-test\node_modules\express\lib\router\index.js:175:3)
    at router (C:\Users\Gh890\2.0\login-test\node_modules\express\lib\router\index.js:47:12)
[2023-11-23T16:04:12.123] [INFO] default - API/Function 開始
[2023-11-23T16:04:12.124] [ERROR] default - TypeError: Cannot read properties of undefined (reading 'findAll')
    at getUsers (C:\Users\Gh890\2.0\login-test\controller\user-controller.js:220:30)
    at Layer.handle [as handle_request] (C:\Users\Gh890\2.0\login-test\node_modules\express\lib\router\layer.js:95:5)
    at next (C:\Users\Gh890\2.0\login-test\node_modules\express\lib\router\route.js:144:13)
    at Route.dispatch (C:\Users\Gh890\2.0\login-test\node_modules\express\lib\router\route.js:114:3)
    at Layer.handle [as handle_request] (C:\Users\Gh890\2.0\login-test\node_modules\express\lib\router\layer.js:95:5)
    at C:\Users\Gh890\2.0\login-test\node_modules\express\lib\router\index.js:284:15
    at Function.process_params (C:\Users\Gh890\2.0\login-test\node_modules\express\lib\router\index.js:346:12)
    at next (C:\Users\Gh890\2.0\login-test\node_modules\express\lib\router\index.js:280:10)
    at Function.handle (C:\Users\Gh890\2.0\login-test\node_modules\express\lib\router\index.js:175:3)
    at router (C:\Users\Gh890\2.0\login-test\node_modules\express\lib\router\index.js:47:12)
[2023-11-23T16:08:33.430] [INFO] default - API/Function 開始
[2023-11-23T16:08:33.432] [ERROR] default - TypeError: Cannot read properties of undefined (reading 'findAll')
    at getUsers (C:\Users\Gh890\2.0\login-test\controller\user-controller.js:221:30)
    at Layer.handle [as handle_request] (C:\Users\Gh890\2.0\login-test\node_modules\express\lib\router\layer.js:95:5)
    at next (C:\Users\Gh890\2.0\login-test\node_modules\express\lib\router\route.js:144:13)
    at Route.dispatch (C:\Users\Gh890\2.0\login-test\node_modules\express\lib\router\route.js:114:3)
    at Layer.handle [as handle_request] (C:\Users\Gh890\2.0\login-test\node_modules\express\lib\router\layer.js:95:5)
    at C:\Users\Gh890\2.0\login-test\node_modules\express\lib\router\index.js:284:15
    at Function.process_params (C:\Users\Gh890\2.0\login-test\node_modules\express\lib\router\index.js:346:12)
    at next (C:\Users\Gh890\2.0\login-test\node_modules\express\lib\router\index.js:280:10)
    at Function.handle (C:\Users\Gh890\2.0\login-test\node_modules\express\lib\router\index.js:175:3)
    at router (C:\Users\Gh890\2.0\login-test\node_modules\express\lib\router\index.js:47:12)
[2023-11-23T16:12:39.049] [INFO] default - API/Function 開始
[2023-11-23T16:12:39.050] [ERROR] default - TypeError: Cannot read properties of undefined (reading 'findAll')
    at getUsers (C:\Users\Gh890\2.0\login-test\controller\user-controller.js:219:30)
    at Layer.handle [as handle_request] (C:\Users\Gh890\2.0\login-test\node_modules\express\lib\router\layer.js:95:5)
    at next (C:\Users\Gh890\2.0\login-test\node_modules\express\lib\router\route.js:144:13)
    at Route.dispatch (C:\Users\Gh890\2.0\login-test\node_modules\express\lib\router\route.js:114:3)
    at Layer.handle [as handle_request] (C:\Users\Gh890\2.0\login-test\node_modules\express\lib\router\layer.js:95:5)
    at C:\Users\Gh890\2.0\login-test\node_modules\express\lib\router\index.js:284:15
    at Function.process_params (C:\Users\Gh890\2.0\login-test\node_modules\express\lib\router\index.js:346:12)
    at next (C:\Users\Gh890\2.0\login-test\node_modules\express\lib\router\index.js:280:10)
    at Function.handle (C:\Users\Gh890\2.0\login-test\node_modules\express\lib\router\index.js:175:3)
    at router (C:\Users\Gh890\2.0\login-test\node_modules\express\lib\router\index.js:47:12)
[2023-11-23T16:21:56.783] [INFO] default - API/Function 開始
[2023-11-23T16:21:56.785] [ERROR] default - TypeError: Cannot read properties of undefined (reading 'findAll')
    at getUsers (C:\Users\Gh890\2.0\login-test\controller\user-controller.js:219:30)
    at Layer.handle [as handle_request] (C:\Users\Gh890\2.0\login-test\node_modules\express\lib\router\layer.js:95:5)
    at next (C:\Users\Gh890\2.0\login-test\node_modules\express\lib\router\route.js:144:13)
    at Route.dispatch (C:\Users\Gh890\2.0\login-test\node_modules\express\lib\router\route.js:114:3)
    at Layer.handle [as handle_request] (C:\Users\Gh890\2.0\login-test\node_modules\express\lib\router\layer.js:95:5)
    at C:\Users\Gh890\2.0\login-test\node_modules\express\lib\router\index.js:284:15
    at Function.process_params (C:\Users\Gh890\2.0\login-test\node_modules\express\lib\router\index.js:346:12)
    at next (C:\Users\Gh890\2.0\login-test\node_modules\express\lib\router\index.js:280:10)
    at Function.handle (C:\Users\Gh890\2.0\login-test\node_modules\express\lib\router\index.js:175:3)
    at router (C:\Users\Gh890\2.0\login-test\node_modules\express\lib\router\index.js:47:12)
[2023-11-23T16:25:00.015] [INFO] default - API/Function 開始
[2023-11-23T16:25:00.017] [ERROR] default - TypeError: Cannot read properties of undefined (reading 'findAll')
    at getUsers (C:\Users\Gh890\2.0\login-test\controller\user-controller.js:221:30)
    at Layer.handle [as handle_request] (C:\Users\Gh890\2.0\login-test\node_modules\express\lib\router\layer.js:95:5)
    at next (C:\Users\Gh890\2.0\login-test\node_modules\express\lib\router\route.js:144:13)
    at Route.dispatch (C:\Users\Gh890\2.0\login-test\node_modules\express\lib\router\route.js:114:3)
    at Layer.handle [as handle_request] (C:\Users\Gh890\2.0\login-test\node_modules\express\lib\router\layer.js:95:5)
    at C:\Users\Gh890\2.0\login-test\node_modules\express\lib\router\index.js:284:15
    at Function.process_params (C:\Users\Gh890\2.0\login-test\node_modules\express\lib\router\index.js:346:12)
    at next (C:\Users\Gh890\2.0\login-test\node_modules\express\lib\router\index.js:280:10)
    at Function.handle (C:\Users\Gh890\2.0\login-test\node_modules\express\lib\router\index.js:175:3)
    at router (C:\Users\Gh890\2.0\login-test\node_modules\express\lib\router\index.js:47:12)
[2023-11-23T16:26:55.984] [INFO] default - API/Function 開始
[2023-11-23T16:26:55.988] [ERROR] default - Error
    at Query.run (C:\Users\Gh890\2.0\login-test\node_modules\sequelize\lib\dialects\mysql\query.js:52:25)
    at C:\Users\Gh890\2.0\login-test\node_modules\sequelize\lib\sequelize.js:315:28
    at process.processTicksAndRejections (node:internal/process/task_queues:95:5)
    at async MySQLQueryInterface.select (C:\Users\Gh890\2.0\login-test\node_modules\sequelize\lib\dialects\abstract\query-interface.js:407:12)
    at async user.findAll (C:\Users\Gh890\2.0\login-test\node_modules\sequelize\lib\model.js:1140:21)
    at async getUsers (C:\Users\Gh890\2.0\login-test\controller\user-controller.js:220:19) {
  name: 'SequelizeDatabaseError',
  parent: Error: Unknown column 'createdAt' in 'field list'
      at Packet.asError (C:\Users\Gh890\2.0\login-test\node_modules\mysql2\lib\packets\packet.js:728:17)
      at Query.execute (C:\Users\Gh890\2.0\login-test\node_modules\mysql2\lib\commands\command.js:29:26)
      at Connection.handlePacket (C:\Users\Gh890\2.0\login-test\node_modules\mysql2\lib\connection.js:478:34)
      at PacketParser.onPacket (C:\Users\Gh890\2.0\login-test\node_modules\mysql2\lib\connection.js:97:12)
      at PacketParser.executeStart (C:\Users\Gh890\2.0\login-test\node_modules\mysql2\lib\packet_parser.js:75:16)
      at Socket.<anonymous> (C:\Users\Gh890\2.0\login-test\node_modules\mysql2\lib\connection.js:104:25)
      at Socket.emit (node:events:514:28)
      at addChunk (node:internal/streams/readable:376:12)
      at readableAddChunk (node:internal/streams/readable:349:9)
      at Readable.push (node:internal/streams/readable:286:10) {
    code: 'ER_BAD_FIELD_ERROR',
    errno: 1054,
    sqlState: '42S22',
    sqlMessage: "Unknown column 'createdAt' in 'field list'",
    sql: 'SELECT `id`, `name`, `email`, `password`, `place`, `age`, `createdAt`, `updatedAt` FROM `user` AS `user`;',
    parameters: undefined
  },
  original: Error: Unknown column 'createdAt' in 'field list'
      at Packet.asError (C:\Users\Gh890\2.0\login-test\node_modules\mysql2\lib\packets\packet.js:728:17)
      at Query.execute (C:\Users\Gh890\2.0\login-test\node_modules\mysql2\lib\commands\command.js:29:26)
      at Connection.handlePacket (C:\Users\Gh890\2.0\login-test\node_modules\mysql2\lib\connection.js:478:34)
      at PacketParser.onPacket (C:\Users\Gh890\2.0\login-test\node_modules\mysql2\lib\connection.js:97:12)
      at PacketParser.executeStart (C:\Users\Gh890\2.0\login-test\node_modules\mysql2\lib\packet_parser.js:75:16)
      at Socket.<anonymous> (C:\Users\Gh890\2.0\login-test\node_modules\mysql2\lib\connection.js:104:25)
      at Socket.emit (node:events:514:28)
      at addChunk (node:internal/streams/readable:376:12)
      at readableAddChunk (node:internal/streams/readable:349:9)
      at Readable.push (node:internal/streams/readable:286:10) {
    code: 'ER_BAD_FIELD_ERROR',
    errno: 1054,
    sqlState: '42S22',
    sqlMessage: "Unknown column 'createdAt' in 'field list'",
    sql: 'SELECT `id`, `name`, `email`, `password`, `place`, `age`, `createdAt`, `updatedAt` FROM `user` AS `user`;',
    parameters: undefined
  },
  sql: 'SELECT `id`, `name`, `email`, `password`, `place`, `age`, `createdAt`, `updatedAt` FROM `user` AS `user`;',
  parameters: {}
}
